Copyright 1986-2022 Xilinx, Inc. All Rights Reserved. Copyright 2022-2024 Advanced Micro Devices, Inc. All Rights Reserved.
---------------------------------------------------------------------------------------------------------------------------------------------
| Tool Version : Vivado v.2024.2 (lin64) Build 5239630 Fri Nov 08 22:34:34 MST 2024
| Date         : Fri Oct 31 14:36:43 2025
| Host         : Hua running 64-bit Ubuntu 22.04.5 LTS
| Command      : upgrade_ip
| Device       : xck26-sfvc784-2LV-c
---------------------------------------------------------------------------------------------------------------------------------------------

Upgrade Log for IP 'floating_point_2'

1. Summary
----------

SUCCESS in the update of floating_point_2 (xilinx.com:ip:floating_point:7.1 (Rev. 19)) to current project options.






Copyright 1986-2022 Xilinx, Inc. All Rights Reserved. Copyright 2022-2024 Advanced Micro Devices, Inc. All Rights Reserved.
---------------------------------------------------------------------------------------------------------------------------------------------
| Tool Version : Vivado v.2024.2 (lin64) Build 5239630 Fri Nov 08 22:34:34 MST 2024
| Date         : Fri Oct 31 14:36:43 2025
| Host         : Hua running 64-bit Ubuntu 22.04.5 LTS
| Command      : upgrade_ip
| Device       : xck26-sfvc784-2LV-c
---------------------------------------------------------------------------------------------------------------------------------------------

Upgrade Log for IP 'floating_point_1'

1. Summary
----------

SUCCESS in the update of floating_point_1 (xilinx.com:ip:floating_point:7.1 (Rev. 19)) to current project options.






Copyright 1986-2022 Xilinx, Inc. All Rights Reserved. Copyright 2022-2024 Advanced Micro Devices, Inc. All Rights Reserved.
---------------------------------------------------------------------------------------------------------------------------------------------
| Tool Version : Vivado v.2024.2 (lin64) Build 5239630 Fri Nov 08 22:34:34 MST 2024
| Date         : Fri Oct 31 14:36:42 2025
| Host         : Hua running 64-bit Ubuntu 22.04.5 LTS
| Command      : upgrade_ip
| Device       : xck26-sfvc784-2LV-c
---------------------------------------------------------------------------------------------------------------------------------------------

Upgrade Log for IP 'c_shift_ram_3'

1. Summary
----------

SUCCESS in the update of c_shift_ram_3 (xilinx.com:ip:c_shift_ram:12.0 (Rev. 18)) to current project options.






Copyright 1986-2022 Xilinx, Inc. All Rights Reserved. Copyright 2022-2024 Advanced Micro Devices, Inc. All Rights Reserved.
---------------------------------------------------------------------------------------------------------------------------------------------
| Tool Version : Vivado v.2024.2 (lin64) Build 5239630 Fri Nov 08 22:34:34 MST 2024
| Date         : Fri Oct 31 14:36:42 2025
| Host         : Hua running 64-bit Ubuntu 22.04.5 LTS
| Command      : upgrade_ip
| Device       : xck26-sfvc784-2LV-c
---------------------------------------------------------------------------------------------------------------------------------------------

Upgrade Log for IP 'c_shift_ram_2'

1. Summary
----------

SUCCESS in the update of c_shift_ram_2 (xilinx.com:ip:c_shift_ram:12.0 (Rev. 18)) to current project options.






Copyright 1986-2022 Xilinx, Inc. All Rights Reserved. Copyright 2022-2024 Advanced Micro Devices, Inc. All Rights Reserved.
---------------------------------------------------------------------------------------------------------------------------------------------
| Tool Version : Vivado v.2024.2 (lin64) Build 5239630 Fri Nov 08 22:34:34 MST 2024
| Date         : Fri Oct 31 14:36:42 2025
| Host         : Hua running 64-bit Ubuntu 22.04.5 LTS
| Command      : upgrade_ip
| Device       : xck26-sfvc784-2LV-c
---------------------------------------------------------------------------------------------------------------------------------------------

Upgrade Log for IP 'c_shift_ram_1'

1. Summary
----------

SUCCESS in the update of c_shift_ram_1 (xilinx.com:ip:c_shift_ram:12.0 (Rev. 18)) to current project options.






Copyright 1986-2022 Xilinx, Inc. All Rights Reserved. Copyright 2022-2024 Advanced Micro Devices, Inc. All Rights Reserved.
---------------------------------------------------------------------------------------------------------------------------------------------
| Tool Version : Vivado v.2024.2 (lin64) Build 5239630 Fri Nov 08 22:34:34 MST 2024
| Date         : Fri Oct 31 14:36:42 2025
| Host         : Hua running 64-bit Ubuntu 22.04.5 LTS
| Command      : upgrade_ip
| Device       : xck26-sfvc784-2LV-c
---------------------------------------------------------------------------------------------------------------------------------------------

Upgrade Log for IP 'c_shift_ram_0'

1. Summary
----------

SUCCESS in the update of c_shift_ram_0 (xilinx.com:ip:c_shift_ram:12.0 (Rev. 18)) to current project options.






Copyright 1986-2022 Xilinx, Inc. All Rights Reserved. Copyright 2022-2024 Advanced Micro Devices, Inc. All Rights Reserved.
---------------------------------------------------------------------------------------------------------------------------------------------
| Tool Version : Vivado v.2024.2 (lin64) Build 5239630 Fri Nov 08 22:34:34 MST 2024
| Date         : Fri Oct 31 14:36:42 2025
| Host         : Hua running 64-bit Ubuntu 22.04.5 LTS
| Command      : upgrade_ip
| Device       : xck26-sfvc784-2LV-c
---------------------------------------------------------------------------------------------------------------------------------------------

Upgrade Log for IP 'bf_sub'

1. Summary
----------

SUCCESS in the update of bf_sub (xilinx.com:ip:floating_point:7.1 (Rev. 19)) to current project options.






Copyright 1986-2022 Xilinx, Inc. All Rights Reserved. Copyright 2022-2024 Advanced Micro Devices, Inc. All Rights Reserved.
---------------------------------------------------------------------------------------------------------------------------------------------
| Tool Version : Vivado v.2024.2 (lin64) Build 5239630 Fri Nov 08 22:34:34 MST 2024
| Date         : Fri Oct 31 14:36:41 2025
| Host         : Hua running 64-bit Ubuntu 22.04.5 LTS
| Command      : upgrade_ip
| Device       : xck26-sfvc784-2LV-c
---------------------------------------------------------------------------------------------------------------------------------------------

Upgrade Log for IP 'bf_mul'

1. Summary
----------

SUCCESS in the update of bf_mul (xilinx.com:ip:floating_point:7.1 (Rev. 19)) to current project options.






Copyright 1986-2022 Xilinx, Inc. All Rights Reserved. Copyright 2022-2024 Advanced Micro Devices, Inc. All Rights Reserved.
---------------------------------------------------------------------------------------------------------------------------------------------
| Tool Version : Vivado v.2024.2 (lin64) Build 5239630 Fri Nov 08 22:34:34 MST 2024
| Date         : Fri Oct 31 14:36:41 2025
| Host         : Hua running 64-bit Ubuntu 22.04.5 LTS
| Command      : upgrade_ip
| Device       : xck26-sfvc784-2LV-c
---------------------------------------------------------------------------------------------------------------------------------------------

Upgrade Log for IP 'bf_add'

1. Summary
----------

SUCCESS in the update of bf_add (xilinx.com:ip:floating_point:7.1 (Rev. 19)) to current project options.






Copyright 1986-2022 Xilinx, Inc. All Rights Reserved. Copyright 2022-2024 Advanced Micro Devices, Inc. All Rights Reserved.
---------------------------------------------------------------------------------------------------------------------------------------------
| Tool Version : Vivado v.2024.2 (lin64) Build 5239630 Fri Nov 08 22:34:34 MST 2024
| Date         : Fri Oct 31 14:36:40 2025
| Host         : Hua running 64-bit Ubuntu 22.04.5 LTS
| Command      : upgrade_ip
| Device       : xck26-sfvc784-2LV-c
---------------------------------------------------------------------------------------------------------------------------------------------

Upgrade Log for IP 'axis_broadcaster_0'

1. Summary
----------

SUCCESS in the update of axis_broadcaster_0 (xilinx.com:ip:axis_broadcaster:1.1 (Rev. 32)) to current project options.






Copyright 1986-2022 Xilinx, Inc. All Rights Reserved. Copyright 2022-2024 Advanced Micro Devices, Inc. All Rights Reserved.
---------------------------------------------------------------------------------------------------------------------------------------------
| Tool Version : Vivado v.2024.2 (lin64) Build 5239630 Fri Nov 08 22:34:34 MST 2024
| Date         : Fri Oct 31 14:36:40 2025
| Host         : Hua running 64-bit Ubuntu 22.04.5 LTS
| Command      : upgrade_ip
| Device       : xck26-sfvc784-2LV-c
---------------------------------------------------------------------------------------------------------------------------------------------

Upgrade Log for IP 'align_mul'

1. Summary
----------

SUCCESS in the update of align_mul (xilinx.com:ip:c_shift_ram:12.0 (Rev. 18)) to current project options.

